<?xml version="1.0" encoding="UTF-8"?>
<testng-results ignored="0" total="1" passed="1" failed="0" skipped="0">
  <reporter-output>
  </reporter-output>
  <suite started-at="2024-04-25T15:21:26Z" name="Default suite" finished-at="2024-04-25T15:23:52Z" duration-ms="145796">
    <groups>
    </groups>
    <test started-at="2024-04-25T15:21:26Z" name="Default test" finished-at="2024-04-25T15:23:52Z" duration-ms="145796">
      <class name="com.abi.test.pageobject.Tests.RoomTypeTest">
        <test-method is-config="true" signature="beforeTest()[pri:0, instance:com.abi.test.pageobject.Tests.RoomTypeTest@66fdec9]" started-at="2024-04-25T15:21:26Z" name="beforeTest" finished-at="2024-04-25T15:21:26Z" duration-ms="10" status="PASS">
          <reporter-output>
          </reporter-output>
        </test-method> <!-- beforeTest -->
        <test-method is-config="true" signature="beforeMethod()[pri:0, instance:com.abi.test.pageobject.Tests.RoomTypeTest@66fdec9]" started-at="2024-04-25T15:21:26Z" name="beforeMethod" finished-at="2024-04-25T15:21:26Z" duration-ms="2" status="PASS">
          <reporter-output>
          </reporter-output>
        </test-method> <!-- beforeMethod -->
        <test-method is-config="true" signature="loadBrowser()[pri:0, instance:com.abi.test.pageobject.Tests.RoomTypeTest@66fdec9]" started-at="2024-04-25T15:21:26Z" name="loadBrowser" finished-at="2024-04-25T15:22:16Z" duration-ms="50051" status="PASS">
          <reporter-output>
          </reporter-output>
        </test-method> <!-- loadBrowser -->
        <test-method is-config="true" signature="nameBefore(java.lang.reflect.Method)[pri:0, instance:com.abi.test.pageobject.Tests.RoomTypeTest@66fdec9]" started-at="2024-04-25T15:22:16Z" name="nameBefore" finished-at="2024-04-25T15:22:16Z" duration-ms="7" status="PASS">
          <params>
            <param index="0">
              <value>
                <![CDATA[public void com.abi.test.pageobject.Tests.RoomTypeTest.RoomTypeAddTest()]]>
              </value>
            </param>
          </params>
          <reporter-output>
          </reporter-output>
        </test-method> <!-- nameBefore -->
        <test-method signature="RoomTypeAddTest()[pri:1, instance:com.abi.test.pageobject.Tests.RoomTypeTest@66fdec9]" started-at="2024-04-25T15:22:16Z" name="RoomTypeAddTest" finished-at="2024-04-25T15:23:50Z" duration-ms="94490" status="PASS">
          <reporter-output>
          </reporter-output>
        </test-method> <!-- RoomTypeAddTest -->
        <test-method is-config="true" signature="afterMethod(java.lang.reflect.Method, org.testng.ITestResult)[pri:0, instance:com.abi.test.pageobject.Tests.RoomTypeTest@66fdec9]" started-at="2024-04-25T15:23:50Z" name="afterMethod" finished-at="2024-04-25T15:23:50Z" duration-ms="4" status="PASS">
          <params>
            <param index="0">
              <value>
                <![CDATA[public void com.abi.test.pageobject.Tests.RoomTypeTest.RoomTypeAddTest()]]>
              </value>
            </param>
            <param index="1">
              <value>
                <![CDATA[[TestResult name=RoomTypeAddTest status=SUCCESS method=RoomTypeTest.RoomTypeAddTest()[pri:1, instance:com.abi.test.pageobject.Tests.RoomTypeTest@66fdec9] output={null}]]]>
              </value>
            </param>
          </params>
          <reporter-output>
          </reporter-output>
        </test-method> <!-- afterMethod -->
        <test-method is-config="true" signature="closeBrowser()[pri:0, instance:com.abi.test.pageobject.Tests.RoomTypeTest@66fdec9]" started-at="2024-04-25T15:23:50Z" name="closeBrowser" finished-at="2024-04-25T15:23:52Z" duration-ms="1205" status="PASS">
          <reporter-output>
          </reporter-output>
        </test-method> <!-- closeBrowser -->
      </class> <!-- com.abi.test.pageobject.Tests.RoomTypeTest -->
    </test> <!-- Default test -->
  </suite> <!-- Default suite -->
</testng-results>
